TN:
SF:/home/vs/Projects/pj-git-control/src/static/polyfills.ts
FNF:0
FNH:0
LF:0
LH:0
BRF:0
BRH:0
end_of_record
TN:
SF:/home/vs/Projects/pj-git-control/src/static/test.ts
FNF:0
FNH:0
DA:13,1
DA:18,1
DA:20,1
LF:3
LH:3
BRF:0
BRH:0
end_of_record
TN:
SF:/home/vs/Projects/pj-git-control/src/static/services/data.service.ts
FN:10,(anonymous_2)
FN:12,(anonymous_3)
FN:16,(anonymous_4)
FN:20,(anonymous_5)
FN:21,(anonymous_6)
FN:31,(anonymous_7)
FN:32,(anonymous_8)
FN:41,(anonymous_9)
FN:42,(anonymous_10)
FN:50,(anonymous_11)
FN:62,(anonymous_12)
FN:74,(anonymous_13)
FNF:12
FNH:12
FNDA:19,(anonymous_2)
FNDA:1,(anonymous_3)
FNDA:1,(anonymous_4)
FNDA:144,(anonymous_5)
FNDA:144,(anonymous_6)
FNDA:5,(anonymous_7)
FNDA:45,(anonymous_8)
FNDA:10,(anonymous_9)
FNDA:90,(anonymous_10)
FNDA:73,(anonymous_11)
FNDA:168,(anonymous_12)
FNDA:16,(anonymous_13)
DA:6,1
DA:7,19
DA:8,19
DA:10,19
DA:13,1
DA:17,1
DA:21,144
DA:23,0
DA:25,144
DA:26,144
DA:32,5
DA:33,45
DA:38,5
DA:42,10
DA:43,90
DA:47,10
DA:53,3
DA:55,2
DA:58,43
DA:64,30
DA:66,14
DA:68,16
DA:70,138
DA:75,16
LF:24
LH:23
BRDA:22,0,0,144
BRDA:22,0,1,144
BRDA:33,1,0,45
BRDA:33,1,1,36
BRDA:33,1,2,9
BRDA:33,1,3,33
BRDA:33,1,4,9
BRDA:33,1,5,31
BRDA:33,1,6,0
BRDA:33,1,7,31
BRDA:43,2,0,90
BRDA:43,2,1,87
BRDA:43,2,2,81
BRDA:43,2,3,73
BRDA:54,3,0,27
BRDA:54,3,1,24
BRDA:54,3,2,23
BRDA:63,4,0,168
BRDA:63,4,1,122
BRF:19
BRH:18
end_of_record
TN:
SF:/home/vs/Projects/pj-git-control/src/static/services/get.repositories.service.ts
FN:12,(anonymous_2)
FN:14,(anonymous_3)
FN:18,(anonymous_4)
FN:24,(anonymous_5)
FN:28,(anonymous_6)
FN:34,(anonymous_7)
FN:40,(anonymous_8)
FNF:7
FNH:3
FNDA:19,(anonymous_2)
FNDA:0,(anonymous_3)
FNDA:0,(anonymous_4)
FNDA:1,(anonymous_5)
FNDA:0,(anonymous_6)
FNDA:144,(anonymous_7)
FNDA:0,(anonymous_8)
DA:8,1
DA:10,19
DA:12,19
DA:15,0
DA:19,0
DA:25,1
DA:29,0
DA:35,144
DA:37,144
DA:41,0
LF:10
LH:6
BRDA:19,0,0,0
BRDA:19,0,1,0
BRDA:20,1,0,0
BRDA:20,1,1,0
BRDA:29,2,0,0
BRDA:29,2,1,0
BRDA:30,3,0,0
BRDA:30,3,1,0
BRDA:36,4,0,144
BRDA:36,4,1,0
BRDA:41,5,0,0
BRDA:41,5,1,0
BRDA:42,6,0,0
BRDA:42,6,1,0
BRF:14
BRH:1
end_of_record
TN:
SF:/home/vs/Projects/pj-git-control/src/static/services/mock.data.service.ts
FN:11,(anonymous_2)
FN:15,(anonymous_3)
FNF:2
FNH:2
FNDA:19,(anonymous_2)
FNDA:144,(anonymous_3)
DA:9,1
DA:11,19
DA:12,19
DA:16,144
LF:4
LH:4
BRF:0
BRH:0
end_of_record
