TN:
SF:/home/vs/Projects/pj_GitControl/src/static/polyfills.ts
FNF:0
FNH:0
LF:0
LH:0
BRF:0
BRH:0
end_of_record
TN:
SF:/home/vs/Projects/pj_GitControl/src/static/test.ts
FNF:0
FNH:0
DA:13,1
DA:18,1
DA:20,1
LF:3
LH:3
BRF:0
BRH:0
end_of_record
TN:
SF:/home/vs/Projects/pj_GitControl/src/static/services/data.service.ts
FN:10,(anonymous_2)
FN:14,(anonymous_3)
FN:15,(anonymous_4)
FN:25,(anonymous_5)
FN:27,(anonymous_6)
FN:34,(anonymous_7)
FN:35,(anonymous_8)
FN:44,(anonymous_9)
FN:45,(anonymous_10)
FN:53,(anonymous_11)
FN:65,(anonymous_12)
FN:77,(anonymous_13)
FNF:12
FNH:11
FNDA:18,(anonymous_2)
FNDA:35,(anonymous_3)
FNDA:35,(anonymous_4)
FNDA:18,(anonymous_5)
FNDA:0,(anonymous_6)
FNDA:6,(anonymous_7)
FNDA:14,(anonymous_8)
FNDA:9,(anonymous_9)
FNDA:18,(anonymous_10)
FNDA:10,(anonymous_11)
FNDA:30,(anonymous_12)
FNDA:17,(anonymous_13)
DA:6,1
DA:7,18
DA:8,18
DA:10,18
DA:11,18
DA:15,35
DA:17,0
DA:19,35
DA:20,35
DA:26,18
DA:29,0
DA:35,6
DA:36,14
DA:41,6
DA:45,9
DA:46,18
DA:50,9
DA:56,0
DA:58,1
DA:61,7
DA:67,13
DA:69,6
DA:71,7
DA:73,17
DA:78,17
LF:25
LH:22
BRDA:16,0,0,35
BRDA:16,0,1,35
BRDA:36,1,0,14
BRDA:36,1,1,12
BRDA:36,1,2,2
BRDA:36,1,3,11
BRDA:36,1,4,2
BRDA:36,1,5,10
BRDA:36,1,6,2
BRDA:36,1,7,9
BRDA:46,2,0,18
BRDA:46,2,1,16
BRDA:46,2,2,14
BRDA:46,2,3,10
BRDA:57,3,0,3
BRDA:57,3,1,2
BRDA:57,3,2,2
BRDA:66,4,0,30
BRDA:66,4,1,19
BRF:19
BRH:19
end_of_record
TN:
SF:/home/vs/Projects/pj_GitControl/src/static/services/get.repositories.service.ts
FN:12,(anonymous_2)
FN:14,(anonymous_3)
FN:18,(anonymous_4)
FN:24,(anonymous_5)
FN:28,(anonymous_6)
FN:34,(anonymous_7)
FN:40,(anonymous_8)
FNF:7
FNH:7
FNDA:28,(anonymous_2)
FNDA:3,(anonymous_3)
FNDA:2,(anonymous_4)
FNDA:21,(anonymous_5)
FNDA:2,(anonymous_6)
FNDA:38,(anonymous_7)
FNDA:2,(anonymous_8)
DA:8,1
DA:10,28
DA:12,28
DA:15,3
DA:19,2
DA:25,21
DA:29,2
DA:35,38
DA:37,38
DA:41,2
LF:10
LH:10
BRDA:19,0,0,0
BRDA:19,0,1,2
BRDA:20,1,0,0
BRDA:20,1,1,2
BRDA:29,2,0,0
BRDA:29,2,1,2
BRDA:30,3,0,0
BRDA:30,3,1,2
BRDA:36,4,0,38
BRDA:36,4,1,0
BRDA:41,5,0,0
BRDA:41,5,1,2
BRDA:42,6,0,0
BRDA:42,6,1,2
BRF:14
BRH:7
end_of_record
TN:
SF:/home/vs/Projects/pj_GitControl/src/static/services/mock.data.service.ts
FN:11,(anonymous_2)
FN:15,(anonymous_3)
FNF:2
FNH:2
FNDA:17,(anonymous_2)
FNDA:35,(anonymous_3)
DA:9,1
DA:11,17
DA:12,17
DA:16,35
LF:4
LH:4
BRF:0
BRH:0
end_of_record
